5685547 [qtp1292040526-18] INFO   - [2017-10-18 00:00:15 0014|GroovyServletManager] uriStrs [rest, discovery, service, pkwallet] matchStr discovery
5715589 [qtp1292040526-16] INFO   - [2017-10-18 00:00:45 0059|GroovyServletManager] uriStrs [rest, discovery, service, pkwallet] matchStr discovery
5745598 [qtp1292040526-19] INFO   - [2017-10-18 00:01:15 0068|GroovyServletManager] uriStrs [rest, discovery, service, pkwallet] matchStr discovery
5775605 [qtp1292040526-19] INFO   - [2017-10-18 00:01:45 0075|GroovyServletManager] uriStrs [rest, discovery, service, pkwallet] matchStr discovery
5805616 [qtp1292040526-13] INFO   - [2017-10-18 00:02:15 0086|GroovyServletManager] uriStrs [rest, discovery, service, pkwallet] matchStr discovery
5835633 [qtp1292040526-13] INFO   - [2017-10-18 00:02:45 0103|GroovyServletManager] uriStrs [rest, discovery, service, pkwallet] matchStr discovery
5865647 [qtp1292040526-14] INFO   - [2017-10-18 00:03:15 0117|GroovyServletManager] uriStrs [rest, discovery, service, pkwallet] matchStr discovery
5895661 [qtp1292040526-14] INFO   - [2017-10-18 00:03:45 0131|GroovyServletManager] uriStrs [rest, discovery, service, pkwallet] matchStr discovery
5925668 [qtp1292040526-18] INFO   - [2017-10-18 00:04:15 0138|GroovyServletManager] uriStrs [rest, discovery, service, pkwallet] matchStr discovery
5955679 [qtp1292040526-20] INFO   - [2017-10-18 00:04:45 0149|GroovyServletManager] uriStrs [rest, discovery, service, pkwallet] matchStr discovery
5985686 [qtp1292040526-13] INFO   - [2017-10-18 00:05:15 0156|GroovyServletManager] uriStrs [rest, discovery, service, pkwallet] matchStr discovery
6015697 [qtp1292040526-17] INFO   - [2017-10-18 00:05:45 0167|GroovyServletManager] uriStrs [rest, discovery, service, pkwallet] matchStr discovery
906  [main] INFO  org.mongodb.driver.cluster - Cluster created with settings {hosts=[localhost:7900], mode=MULTIPLE, requiredClusterType=UNKNOWN, serverSelectionTimeout='30000 ms', maxWaitQueueSize=500}
910  [main] INFO  org.mongodb.driver.cluster - Adding discovered server localhost:7900 to client view of cluster
1070 [main] INFO   - [2017-10-18 00:06:08 0787|MongoInstance] New Mongo instance created, localhost:7900;MongoClientOptions{description='null', readPreference=primary, writeConcern=WriteConcern{w=null, wTimeout=null ms, fsync=null, journal=null, readConcern=com.mongodb.ReadConcern@0, codecRegistry=org.bson.codecs.configuration.ProvidersCodecRegistry@13b52c77, commandListeners=[], minConnectionsPerHost=0, maxConnectionsPerHost=100, threadsAllowedToBlockForConnectionMultiplier=5, serverSelectionTimeout=30000, maxWaitTime=120000, maxConnectionIdleTime=0, maxConnectionLifeTime=0, connectTimeout=10000, socketTimeout=0, socketKeepAlive=false, sslEnabled=false, sslInvalidHostNamesAllowed=false, alwaysUseMBeans=false, heartbeatFrequency=10000, minHeartbeatFrequency=500, heartbeatConnectTimeout=20000, heartbeatSocketTimeout=20000, localThreshold=15, requiredReplicaSetName='null', dbDecoderFactory=com.mongodb.DefaultDBDecoder$1@6ec8211c, dbEncoderFactory=com.mongodb.DefaultDBEncoder$1@7276c8cd, socketFactory=javax.net.DefaultSocketFactory@544a2ea6, cursorFinalizerEnabled=true, connectionPoolSettings=ConnectionPoolSettings{maxSize=100, minSize=0, maxWaitQueueSize=500, maxWaitTimeMS=120000, maxConnectionLifeTimeMS=0, maxConnectionIdleTimeMS=0, maintenanceInitialDelayMS=0, maintenanceFrequencyMS=60000}, socketSettings=SocketSettings{connectTimeoutMS=10000, readTimeoutMS=0, keepAlive=false, receiveBufferSize=0, sendBufferSize=0}, serverSettings=ServerSettings{heartbeatFrequencyMS=10000, minHeartbeatFrequencyMS=500}, heartbeatSocketSettings=SocketSettings{connectTimeoutMS=20000, readTimeoutMS=20000, keepAlive=false, receiveBufferSize=0, sendBufferSize=0}}
1160 [cluster-ClusterId{value='59e62a702c1f6032e584016d', description='null'}-localhost:7900] INFO  org.mongodb.driver.connection - Opened connection [connectionId{localValue:1, serverValue:649}] to localhost:7900
1165 [cluster-ClusterId{value='59e62a702c1f6032e584016d', description='null'}-localhost:7900] INFO  org.mongodb.driver.cluster - Monitor thread successfully connected to server with description ServerDescription{address=localhost:7900, type=STANDALONE, state=CONNECTED, ok=true, version=ServerVersion{versionList=[3, 4, 3]}, minWireVersion=0, maxWireVersion=5, maxDocumentSize=16777216, roundTripTimeNanos=3227596}
1167 [cluster-ClusterId{value='59e62a702c1f6032e584016d', description='null'}-localhost:7900] INFO  org.mongodb.driver.cluster - Discovered cluster type of STANDALONE
1220 [main] INFO  org.mongodb.driver.connection - Opened connection [connectionId{localValue:2, serverValue:650}] to localhost:7900
6045712 [qtp1292040526-20] INFO   - [2017-10-18 00:06:15 0182|GroovyServletManager] uriStrs [rest, discovery, service, pkwallet] matchStr discovery
6048165 [Timer-0] INFO   - [2017-10-18 00:06:17 0635|GroovyRuntime] Start imports /Users/admin/workSpace/SDocker/../local/docker_beta/pkroom/groovy/config/imports.groovy
6075727 [qtp1292040526-16] INFO   - [2017-10-18 00:06:45 0197|GroovyServletManager] uriStrs [rest, discovery, service, pkwallet] matchStr discovery
6085077 [Timer-0] ERROR  - [2017-10-18 00:06:54 0546|GroovyRuntime] Redeploy occur unknown error, Process exited with an error: 1 (Exit value: 1) redeploy aborted!!!
6085079 [Timer-0] ERROR  - [2017-10-18 00:06:54 0549|ScriptManager] Reload script zip file /docker_beta/pkroom/groovy.zip failed, Groovy unknown error Process exited with an error: 1 (Exit value: 1)
6105738 [qtp1292040526-19] INFO   - [2017-10-18 00:07:15 0208|GroovyServletManager] uriStrs [rest, discovery, service, pkwallet] matchStr discovery
982  [main] INFO  org.mongodb.driver.cluster - Cluster created with settings {hosts=[localhost:7900], mode=MULTIPLE, requiredClusterType=UNKNOWN, serverSelectionTimeout='30000 ms', maxWaitQueueSize=500}
986  [main] INFO  org.mongodb.driver.cluster - Adding discovered server localhost:7900 to client view of cluster
1183 [main] INFO   - [2017-10-18 00:07:26 0156|MongoInstance] New Mongo instance created, localhost:7900;MongoClientOptions{description='null', readPreference=primary, writeConcern=WriteConcern{w=null, wTimeout=null ms, fsync=null, journal=null, readConcern=com.mongodb.ReadConcern@0, codecRegistry=org.bson.codecs.configuration.ProvidersCodecRegistry@13b52c77, commandListeners=[], minConnectionsPerHost=0, maxConnectionsPerHost=100, threadsAllowedToBlockForConnectionMultiplier=5, serverSelectionTimeout=30000, maxWaitTime=120000, maxConnectionIdleTime=0, maxConnectionLifeTime=0, connectTimeout=10000, socketTimeout=0, socketKeepAlive=false, sslEnabled=false, sslInvalidHostNamesAllowed=false, alwaysUseMBeans=false, heartbeatFrequency=10000, minHeartbeatFrequency=500, heartbeatConnectTimeout=20000, heartbeatSocketTimeout=20000, localThreshold=15, requiredReplicaSetName='null', dbDecoderFactory=com.mongodb.DefaultDBDecoder$1@6ec8211c, dbEncoderFactory=com.mongodb.DefaultDBEncoder$1@7276c8cd, socketFactory=javax.net.DefaultSocketFactory@544a2ea6, cursorFinalizerEnabled=true, connectionPoolSettings=ConnectionPoolSettings{maxSize=100, minSize=0, maxWaitQueueSize=500, maxWaitTimeMS=120000, maxConnectionLifeTimeMS=0, maxConnectionIdleTimeMS=0, maintenanceInitialDelayMS=0, maintenanceFrequencyMS=60000}, socketSettings=SocketSettings{connectTimeoutMS=10000, readTimeoutMS=0, keepAlive=false, receiveBufferSize=0, sendBufferSize=0}, serverSettings=ServerSettings{heartbeatFrequencyMS=10000, minHeartbeatFrequencyMS=500}, heartbeatSocketSettings=SocketSettings{connectTimeoutMS=20000, readTimeoutMS=20000, keepAlive=false, receiveBufferSize=0, sendBufferSize=0}}
1230 [main] INFO  org.mongodb.driver.cluster - No server chosen by ReadPreferenceServerSelector{readPreference=primary} from cluster description ClusterDescription{type=UNKNOWN, connectionMode=MULTIPLE, all=[ServerDescription{address=localhost:7900, type=UNKNOWN, state=CONNECTING}]}. Waiting for 30000 ms before timing out
1249 [cluster-ClusterId{value='59e62abd2c1f603333dcf28c', description='null'}-localhost:7900] INFO  org.mongodb.driver.connection - Opened connection [connectionId{localValue:1, serverValue:651}] to localhost:7900
1251 [cluster-ClusterId{value='59e62abd2c1f603333dcf28c', description='null'}-localhost:7900] INFO  org.mongodb.driver.cluster - Monitor thread successfully connected to server with description ServerDescription{address=localhost:7900, type=STANDALONE, state=CONNECTED, ok=true, version=ServerVersion{versionList=[3, 4, 3]}, minWireVersion=0, maxWireVersion=5, maxDocumentSize=16777216, roundTripTimeNanos=906197}
1257 [cluster-ClusterId{value='59e62abd2c1f603333dcf28c', description='null'}-localhost:7900] INFO  org.mongodb.driver.cluster - Discovered cluster type of STANDALONE
1270 [main] INFO  org.mongodb.driver.connection - Opened connection [connectionId{localValue:2, serverValue:652}] to localhost:7900
6125233 [Timer-0] INFO   - [2017-10-18 00:07:34 0703|GroovyRuntime] Parse groovy class common/CommonConstants.groovy successfully
6128414 [Timer-0] ERROR  - [2017-10-18 00:07:37 0884|GroovyRuntime] Redeploy occur unknown error, Parse class ../local/docker_beta/pkroom/groovy/config/imports_77.groovy failed, startup failed:
General error during conversion: Error grabbing Grapes -- [download failed: org.apache.httpcomponents#httpclient;4.5.2!httpclient.jar, download failed: org.apache.httpcomponents#httpcore;4.4.4!httpcore.jar, download failed: commons-codec#commons-codec;1.9!commons-codec.jar]

java.lang.RuntimeException: Error grabbing Grapes -- [download failed: org.apache.httpcomponents#httpclient;4.5.2!httpclient.jar, download failed: org.apache.httpcomponents#httpcore;4.4.4!httpcore.jar, download failed: commons-codec#commons-codec;1.9!commons-codec.jar]
	at sun.reflect.NativeConstructorAccessorImpl.newInstance0(Native Method)
	at sun.reflect.NativeConstructorAccessorImpl.newInstance(NativeConstructorAccessorImpl.java:62)
	at sun.reflect.DelegatingConstructorAccessorImpl.newInstance(DelegatingConstructorAccessorImpl.java:45)
	at java.lang.reflect.Constructor.newInstance(Constructor.java:423)
	at org.codehaus.groovy.reflection.CachedConstructor.invoke(CachedConstructor.java:83)
	at org.codehaus.groovy.reflection.CachedConstructor.doConstructorInvoke(CachedConstructor.java:77)
	at org.codehaus.groovy.runtime.callsite.ConstructorSite$ConstructorSiteNoUnwrap.callConstructor(ConstructorSite.java:84)
	at org.codehaus.groovy.runtime.callsite.CallSiteArray.defaultCallConstructor(CallSiteArray.java:60)
	at org.codehaus.groovy.runtime.callsite.AbstractCallSite.callConstructor(AbstractCallSite.java:235)
	at org.codehaus.groovy.runtime.callsite.AbstractCallSite.callConstructor(AbstractCallSite.java:247)
	at groovy.grape.GrapeIvy.getDependencies(GrapeIvy.groovy:425)
	at sun.reflect.NativeMethodAccessorImpl.invoke0(Native Method)
	at sun.reflect.NativeMethodAccessorImpl.invoke(NativeMethodAccessorImpl.java:62)
	at sun.reflect.DelegatingMethodAccessorImpl.invoke(DelegatingMethodAccessorImpl.java:43)
	at java.lang.reflect.Method.invoke(Method.java:498)
	at org.codehaus.groovy.runtime.callsite.PogoMetaMethodSite$PogoCachedMethodSite.invoke(PogoMetaMethodSite.java:169)
	at org.codehaus.groovy.runtime.callsite.PogoMetaMethodSite.callCurrent(PogoMetaMethodSite.java:59)
	at org.codehaus.groovy.runtime.callsite.CallSiteArray.defaultCallCurrent(CallSiteArray.java:52)
	at org.codehaus.groovy.runtime.callsite.AbstractCallSite.callCurrent(AbstractCallSite.java:154)
	at groovy.grape.GrapeIvy.resolve(GrapeIvy.groovy:572)
	at groovy.grape.GrapeIvy$resolve$1.callCurrent(Unknown Source)
	at org.codehaus.groovy.runtime.callsite.CallSiteArray.defaultCallCurrent(CallSiteArray.java:52)
	at org.codehaus.groovy.runtime.callsite.AbstractCallSite.callCurrent(AbstractCallSite.java:154)
	at org.codehaus.groovy.runtime.callsite.AbstractCallSite.callCurrent(AbstractCallSite.java:190)
	at groovy.grape.GrapeIvy.resolve(GrapeIvy.groovy:539)
	at groovy.grape.GrapeIvy$resolve$0.callCurrent(Unknown Source)
	at org.codehaus.groovy.runtime.callsite.CallSiteArray.defaultCallCurrent(CallSiteArray.java:52)
	at org.codehaus.groovy.runtime.callsite.AbstractCallSite.callCurrent(AbstractCallSite.java:154)
	at org.codehaus.groovy.runtime.callsite.AbstractCallSite.callCurrent(AbstractCallSite.java:182)
	at groovy.grape.GrapeIvy.grab(GrapeIvy.groovy:257)
	at groovy.grape.Grape.grab(Grape.java:167)
	at groovy.grape.GrabAnnotationTransformation.visit(GrabAnnotationTransformation.java:377)
	at org.codehaus.groovy.transform.ASTTransformationVisitor$3.call(ASTTransformationVisitor.java:305)
	at org.codehaus.groovy.control.CompilationUnit.applyToSourceUnits(CompilationUnit.java:948)
	at org.codehaus.groovy.control.CompilationUnit.doPhaseOperation(CompilationUnit.java:615)
	at org.codehaus.groovy.control.CompilationUnit.processPhaseOperations(CompilationUnit.java:591)
	at org.codehaus.groovy.control.CompilationUnit.compile(CompilationUnit.java:568)
	at groovy.lang.GroovyClassLoader.doParseClass(GroovyClassLoader.java:299)
	at groovy.lang.GroovyClassLoader.parseClass(GroovyClassLoader.java:269)
	at groovy.lang.GroovyClassLoader.parseClass(GroovyClassLoader.java:255)
	at groovy.lang.GroovyClassLoader.parseClass(GroovyClassLoader.java:195)
	at script.groovy.runtime.GroovyRuntime$MyGroovyClassLoader.parseGroovyClass(Unknown Source)
	at script.groovy.runtime.GroovyRuntime.redeploy(Unknown Source)
	at com.docker.script.ScriptManager.reload(Unknown Source)
	at com.docker.script.ScriptManager.access$000(Unknown Source)
	at com.docker.script.ScriptManager$1.execute(Unknown Source)
	at chat.utils.TimerTaskEx.run(Unknown Source)
	at java.util.TimerThread.mainLoop(Timer.java:555)
	at java.util.TimerThread.run(Timer.java:505)

1 error
 redeploy aborted!!!
6128415 [Timer-0] INFO   - [2017-10-18 00:07:37 0885|GroovyRuntime] newClassLoader MyGroovyClassLoader#0 is closed
6128415 [Timer-0] ERROR  - [2017-10-18 00:07:37 0885|ScriptManager] Reload script zip file /docker_beta/pkroom/groovy.zip failed, Parse class ../local/docker_beta/pkroom/groovy/config/imports_77.groovy failed, startup failed:
General error during conversion: Error grabbing Grapes -- [download failed: org.apache.httpcomponents#httpclient;4.5.2!httpclient.jar, download failed: org.apache.httpcomponents#httpcore;4.4.4!httpcore.jar, download failed: commons-codec#commons-codec;1.9!commons-codec.jar]

java.lang.RuntimeException: Error grabbing Grapes -- [download failed: org.apache.httpcomponents#httpclient;4.5.2!httpclient.jar, download failed: org.apache.httpcomponents#httpcore;4.4.4!httpcore.jar, download failed: commons-codec#commons-codec;1.9!commons-codec.jar]
	at sun.reflect.NativeConstructorAccessorImpl.newInstance0(Native Method)
	at sun.reflect.NativeConstructorAccessorImpl.newInstance(NativeConstructorAccessorImpl.java:62)
	at sun.reflect.DelegatingConstructorAccessorImpl.newInstance(DelegatingConstructorAccessorImpl.java:45)
	at java.lang.reflect.Constructor.newInstance(Constructor.java:423)
	at org.codehaus.groovy.reflection.CachedConstructor.invoke(CachedConstructor.java:83)
	at org.codehaus.groovy.reflection.CachedConstructor.doConstructorInvoke(CachedConstructor.java:77)
	at org.codehaus.groovy.runtime.callsite.ConstructorSite$ConstructorSiteNoUnwrap.callConstructor(ConstructorSite.java:84)
	at org.codehaus.groovy.runtime.callsite.CallSiteArray.defaultCallConstructor(CallSiteArray.java:60)
	at org.codehaus.groovy.runtime.callsite.AbstractCallSite.callConstructor(AbstractCallSite.java:235)
	at org.codehaus.groovy.runtime.callsite.AbstractCallSite.callConstructor(AbstractCallSite.java:247)
	at groovy.grape.GrapeIvy.getDependencies(GrapeIvy.groovy:425)
	at sun.reflect.NativeMethodAccessorImpl.invoke0(Native Method)
	at sun.reflect.NativeMethodAccessorImpl.invoke(NativeMethodAccessorImpl.java:62)
	at sun.reflect.DelegatingMethodAccessorImpl.invoke(DelegatingMethodAccessorImpl.java:43)
	at java.lang.reflect.Method.invoke(Method.java:498)
	at org.codehaus.groovy.runtime.callsite.PogoMetaMethodSite$PogoCachedMethodSite.invoke(PogoMetaMethodSite.java:169)
	at org.codehaus.groovy.runtime.callsite.PogoMetaMethodSite.callCurrent(PogoMetaMethodSite.java:59)
	at org.codehaus.groovy.runtime.callsite.CallSiteArray.defaultCallCurrent(CallSiteArray.java:52)
	at org.codehaus.groovy.runtime.callsite.AbstractCallSite.callCurrent(AbstractCallSite.java:154)
	at groovy.grape.GrapeIvy.resolve(GrapeIvy.groovy:572)
	at groovy.grape.GrapeIvy$resolve$1.callCurrent(Unknown Source)
	at org.codehaus.groovy.runtime.callsite.CallSiteArray.defaultCallCurrent(CallSiteArray.java:52)
	at org.codehaus.groovy.runtime.callsite.AbstractCallSite.callCurrent(AbstractCallSite.java:154)
	at org.codehaus.groovy.runtime.callsite.AbstractCallSite.callCurrent(AbstractCallSite.java:190)
	at groovy.grape.GrapeIvy.resolve(GrapeIvy.groovy:539)
	at groovy.grape.GrapeIvy$resolve$0.callCurrent(Unknown Source)
	at org.codehaus.groovy.runtime.callsite.CallSiteArray.defaultCallCurrent(CallSiteArray.java:52)
	at org.codehaus.groovy.runtime.callsite.AbstractCallSite.callCurrent(AbstractCallSite.java:154)
	at org.codehaus.groovy.runtime.callsite.AbstractCallSite.callCurrent(AbstractCallSite.java:182)
	at groovy.grape.GrapeIvy.grab(GrapeIvy.groovy:257)
	at groovy.grape.Grape.grab(Grape.java:167)
	at groovy.grape.GrabAnnotationTransformation.visit(GrabAnnotationTransformation.java:377)
	at org.codehaus.groovy.transform.ASTTransformationVisitor$3.call(ASTTransformationVisitor.java:305)
	at org.codehaus.groovy.control.CompilationUnit.applyToSourceUnits(CompilationUnit.java:948)
	at org.codehaus.groovy.control.CompilationUnit.doPhaseOperation(CompilationUnit.java:615)
	at org.codehaus.groovy.control.CompilationUnit.processPhaseOperations(CompilationUnit.java:591)
	at org.codehaus.groovy.control.CompilationUnit.compile(CompilationUnit.java:568)
	at groovy.lang.GroovyClassLoader.doParseClass(GroovyClassLoader.java:299)
	at groovy.lang.GroovyClassLoader.parseClass(GroovyClassLoader.java:269)
	at groovy.lang.GroovyClassLoader.parseClass(GroovyClassLoader.java:255)
	at groovy.lang.GroovyClassLoader.parseClass(GroovyClassLoader.java:195)
	at script.groovy.runtime.GroovyRuntime$MyGroovyClassLoader.parseGroovyClass(Unknown Source)
	at script.groovy.runtime.GroovyRuntime.redeploy(Unknown Source)
	at com.docker.script.ScriptManager.reload(Unknown Source)
	at com.docker.script.ScriptManager.access$000(Unknown Source)
	at com.docker.script.ScriptManager$1.execute(Unknown Source)
	at chat.utils.TimerTaskEx.run(Unknown Source)
	at java.util.TimerThread.mainLoop(Timer.java:555)
	at java.util.TimerThread.run(Timer.java:505)

1 error

6135750 [qtp1292040526-17] INFO   - [2017-10-18 00:07:45 0220|GroovyServletManager] uriStrs [rest, discovery, service, pkwallet] matchStr discovery
6135752 [Thread-38] INFO   - [2017-10-18 00:07:45 0222|RemoteServiceDiscovery] RemoteServiceDiscovery is shutting down
6135752 [Thread-38] INFO   - [2017-10-18 00:07:45 0222|RemoteServiceDiscovery] RemoteServiceDiscovery pkwallet is shutted down
694  [main] INFO  org.mongodb.driver.cluster - Cluster created with settings {hosts=[localhost:7900], mode=MULTIPLE, requiredClusterType=UNKNOWN, serverSelectionTimeout='30000 ms', maxWaitQueueSize=500}
696  [main] INFO  org.mongodb.driver.cluster - Adding discovered server localhost:7900 to client view of cluster
805  [main] INFO   - [2017-10-18 00:08:19 0238|MongoInstance] New Mongo instance created, localhost:7900;MongoClientOptions{description='null', readPreference=primary, writeConcern=WriteConcern{w=null, wTimeout=null ms, fsync=null, journal=null, readConcern=com.mongodb.ReadConcern@0, codecRegistry=org.bson.codecs.configuration.ProvidersCodecRegistry@13b52c77, commandListeners=[], minConnectionsPerHost=0, maxConnectionsPerHost=100, threadsAllowedToBlockForConnectionMultiplier=5, serverSelectionTimeout=30000, maxWaitTime=120000, maxConnectionIdleTime=0, maxConnectionLifeTime=0, connectTimeout=10000, socketTimeout=0, socketKeepAlive=false, sslEnabled=false, sslInvalidHostNamesAllowed=false, alwaysUseMBeans=false, heartbeatFrequency=10000, minHeartbeatFrequency=500, heartbeatConnectTimeout=20000, heartbeatSocketTimeout=20000, localThreshold=15, requiredReplicaSetName='null', dbDecoderFactory=com.mongodb.DefaultDBDecoder$1@6ec8211c, dbEncoderFactory=com.mongodb.DefaultDBEncoder$1@7276c8cd, socketFactory=javax.net.DefaultSocketFactory@544a2ea6, cursorFinalizerEnabled=true, connectionPoolSettings=ConnectionPoolSettings{maxSize=100, minSize=0, maxWaitQueueSize=500, maxWaitTimeMS=120000, maxConnectionLifeTimeMS=0, maxConnectionIdleTimeMS=0, maintenanceInitialDelayMS=0, maintenanceFrequencyMS=60000}, socketSettings=SocketSettings{connectTimeoutMS=10000, readTimeoutMS=0, keepAlive=false, receiveBufferSize=0, sendBufferSize=0}, serverSettings=ServerSettings{heartbeatFrequencyMS=10000, minHeartbeatFrequencyMS=500}, heartbeatSocketSettings=SocketSettings{connectTimeoutMS=20000, readTimeoutMS=20000, keepAlive=false, receiveBufferSize=0, sendBufferSize=0}}
840  [main] INFO  org.mongodb.driver.cluster - No server chosen by ReadPreferenceServerSelector{readPreference=primary} from cluster description ClusterDescription{type=UNKNOWN, connectionMode=MULTIPLE, all=[ServerDescription{address=localhost:7900, type=UNKNOWN, state=CONNECTING}]}. Waiting for 30000 ms before timing out
842  [cluster-ClusterId{value='59e62af32c1f6033581ea4a2', description='null'}-localhost:7900] INFO  org.mongodb.driver.connection - Opened connection [connectionId{localValue:1, serverValue:653}] to localhost:7900
843  [cluster-ClusterId{value='59e62af32c1f6033581ea4a2', description='null'}-localhost:7900] INFO  org.mongodb.driver.cluster - Monitor thread successfully connected to server with description ServerDescription{address=localhost:7900, type=STANDALONE, state=CONNECTED, ok=true, version=ServerVersion{versionList=[3, 4, 3]}, minWireVersion=0, maxWireVersion=5, maxDocumentSize=16777216, roundTripTimeNanos=756009}
845  [cluster-ClusterId{value='59e62af32c1f6033581ea4a2', description='null'}-localhost:7900] INFO  org.mongodb.driver.cluster - Discovered cluster type of STANDALONE
852  [main] INFO  org.mongodb.driver.connection - Opened connection [connectionId{localValue:2, serverValue:654}] to localhost:7900
6175134 [Timer-0] INFO   - [2017-10-18 00:08:24 0603|GroovyRuntime] Parse groovy class common/CommonConstants.groovy successfully
6175200 [Timer-0] INFO   - [2017-10-18 00:08:24 0670|GroovyRuntime] Parse groovy class controllers/GroovyServletEx.groovy successfully
6175331 [Timer-0] INFO   - [2017-10-18 00:08:24 0801|GroovyRuntime] Parse groovy class data/Player.groovy successfully
6175337 [Timer-0] INFO   - [2017-10-18 00:08:24 0807|GroovyRuntime] Parse groovy class data/GameRoom.groovy successfully
6175347 [Timer-0] INFO   - [2017-10-18 00:08:24 0817|GroovyRuntime] Parse groovy class data/CDMahjongRoom.groovy successfully
6175357 [Timer-0] INFO   - [2017-10-18 00:08:24 0827|GroovyRuntime] Parse groovy class data/CDMahjongGameRoom.groovy successfully
6175358 [Timer-0] INFO   - [2017-10-18 00:08:24 0828|GroovyRuntime] Load groovy class data/CDMahjongRoom.groovy from cache
6175368 [Timer-0] INFO   - [2017-10-18 00:08:24 0838|GroovyRuntime] Load groovy class data/CDMahjongRoom.groovy from cache to avoid loop parse
6175371 [Timer-0] INFO   - [2017-10-18 00:08:24 0841|GroovyRuntime] Parse groovy class data/CDMahjongRunningGameRoom.groovy successfully
6175372 [Timer-0] INFO   - [2017-10-18 00:08:24 0842|GroovyRuntime] Load groovy class data/GameRoom.groovy from cache
6175397 [Timer-0] INFO   - [2017-10-18 00:08:24 0867|GroovyRuntime] Load groovy class data/GameRoom.groovy from cache to avoid loop parse
6175403 [Timer-0] INFO   - [2017-10-18 00:08:24 0873|GroovyRuntime] Parse groovy class data/LandLordsRoom.groovy successfully
6175408 [Timer-0] INFO   - [2017-10-18 00:08:24 0878|GroovyRuntime] Parse groovy class data/LandLordsGameRoom.groovy successfully
6175408 [Timer-0] INFO   - [2017-10-18 00:08:24 0878|GroovyRuntime] Load groovy class data/LandLordsRoom.groovy from cache
6175418 [Timer-0] INFO   - [2017-10-18 00:08:24 0888|GroovyRuntime] Load groovy class data/LandLordsRoom.groovy from cache to avoid loop parse
6175421 [Timer-0] INFO   - [2017-10-18 00:08:24 0891|GroovyRuntime] Parse groovy class data/LandLordsRunningGameRoom.groovy successfully
6175441 [Timer-0] INFO   - [2017-10-18 00:08:24 0911|GroovyRuntime] Load groovy class data/GameRoom.groovy from cache to avoid loop parse
6175447 [Timer-0] INFO   - [2017-10-18 00:08:24 0917|GroovyRuntime] Parse groovy class data/NNRoom.groovy successfully
6175451 [Timer-0] INFO   - [2017-10-18 00:08:24 0921|GroovyRuntime] Parse groovy class data/NNGameRoom.groovy successfully
6175451 [Timer-0] INFO   - [2017-10-18 00:08:24 0921|GroovyRuntime] Load groovy class data/NNRoom.groovy from cache
6175457 [Timer-0] INFO   - [2017-10-18 00:08:24 0926|GroovyRuntime] Load groovy class data/NNRoom.groovy from cache to avoid loop parse
6175459 [Timer-0] INFO   - [2017-10-18 00:08:24 0929|GroovyRuntime] Parse groovy class data/NNRunningGameRoom.groovy successfully
6175459 [Timer-0] INFO   - [2017-10-18 00:08:24 0929|GroovyRuntime] Load groovy class data/Player.groovy from cache
6175487 [Timer-0] INFO   - [2017-10-18 00:08:24 0957|GroovyRuntime] Load groovy class data/Player.groovy from cache to avoid loop parse
6175521 [Timer-0] INFO   - [2017-10-18 00:08:24 0991|GroovyRuntime] Load groovy class data/GameRoom.groovy from cache to avoid loop parse
6175636 [Timer-0] INFO   - [2017-10-18 00:08:25 0106|GroovyRuntime] Parse groovy class db/BaseGameRoomCollection.groovy successfully
6175676 [Timer-0] INFO   - [2017-10-18 00:08:25 0146|GroovyRuntime] Load groovy class db/BaseGameRoomCollection.groovy from cache
6175696 [Timer-0] INFO   - [2017-10-18 00:08:25 0166|GroovyRuntime] Parse groovy class db/GameRoomCollection.groovy successfully
6175707 [Timer-0] INFO   - [2017-10-18 00:08:25 0177|GroovyRuntime] Parse groovy class db/GameRoomDatabase.groovy successfully
6175716 [Timer-0] INFO   - [2017-10-18 00:08:25 0186|GroovyRuntime] Load groovy class db/BaseGameRoomCollection.groovy from cache to avoid loop parse
6175719 [Timer-0] INFO   - [2017-10-18 00:08:25 0189|GroovyRuntime] Parse groovy class db/RunningGameRoomCollection.groovy successfully
6175721 [Timer-0] INFO   - [2017-10-18 00:08:25 0191|GroovyRuntime] Parse groovy class error/Errors.groovy successfully
6176111 [Timer-0] ERROR  - [2017-10-18 00:08:25 0581|GroovyRuntime] Redeploy occur unknown error, Parse class ../local/docker_beta/pkroom/groovy/file/adapters/S3FileHandler.groovy failed, startup failed:
/Users/admin/workSpace/local/docker_beta/pkroom/groovy/file/adapters/S3FileHandler.groovy: 14: unable to resolve class com.amazonaws.services.s3.AmazonS3
 @ line 14, column 1.
   import com.amazonaws.services.s3.AmazonS3;
   ^

/Users/admin/workSpace/local/docker_beta/pkroom/groovy/file/adapters/S3FileHandler.groovy: 18: unable to resolve class com.amazonaws.services.s3.transfer.TransferManager
 @ line 18, column 1.
   import com.amazonaws.services.s3.transfer.TransferManager
   ^

/Users/admin/workSpace/local/docker_beta/pkroom/groovy/file/adapters/S3FileHandler.groovy: 16: unable to resolve class com.amazonaws.services.s3.AmazonS3ClientBuilder
 @ line 16, column 1.
   import com.amazonaws.services.s3.AmazonS3ClientBuilder;
   ^

/Users/admin/workSpace/local/docker_beta/pkroom/groovy/file/adapters/S3FileHandler.groovy: 6: unable to resolve class com.amazonaws.AmazonClientException
 @ line 6, column 1.
   import com.amazonaws.AmazonClientException;
   ^

/Users/admin/workSpace/local/docker_beta/pkroom/groovy/file/adapters/S3FileHandler.groovy: 20: unable to resolve class com.amazonaws.services.s3.transfer.Upload
 @ line 20, column 1.
   import com.amazonaws.services.s3.transfer.Upload
   ^

/Users/admin/workSpace/local/docker_beta/pkroom/groovy/file/adapters/S3FileHandler.groovy: 13: unable to resolve class com.amazonaws.client.builder.AwsClientBuilder
 @ line 13, column 1.
   import com.amazonaws.client.builder.AwsClientBuilder;
   ^

/Users/admin/workSpace/local/docker_beta/pkroom/groovy/file/adapters/S3FileHandler.groovy: 12: unable to resolve class com.amazonaws.auth.BasicAWSCredentials
 @ line 12, column 1.
   import com.amazonaws.auth.BasicAWSCredentials
   ^

/Users/admin/workSpace/local/docker_beta/pkroom/groovy/file/adapters/S3FileHandler.groovy: 11: unable to resolve class com.amazonaws.auth.AWSStaticCredentialsProvider
 @ line 11, column 1.
   import com.amazonaws.auth.AWSStaticCredentialsProvider;
   ^

/Users/admin/workSpace/local/docker_beta/pkroom/groovy/file/adapters/S3FileHandler.groovy: 15: unable to resolve class com.amazonaws.services.s3.AmazonS3Client
 @ line 15, column 1.
   import com.amazonaws.services.s3.AmazonS3Client
   ^

/Users/admin/workSpace/local/docker_beta/pkroom/groovy/file/adapters/S3FileHandler.groovy: 7: unable to resolve class com.amazonaws.AmazonServiceException
 @ line 7, column 1.
   import com.amazonaws.AmazonServiceException
   ^

/Users/admin/workSpace/local/docker_beta/pkroom/groovy/file/adapters/S3FileHandler.groovy: 10: unable to resolve class com.amazonaws.Protocol
 @ line 10, column 1.
   import com.amazonaws.Protocol
   ^

/Users/admin/workSpace/local/docker_beta/pkroom/groovy/file/adapters/S3FileHandler.groovy: 8: unable to resolve class com.amazonaws.ClientConfiguration
 @ line 8, column 1.
   import com.amazonaws.ClientConfiguration;
   ^

/Users/admin/workSpace/local/docker_beta/pkroom/groovy/file/adapters/S3FileHandler.groovy: 9: unable to resolve class com.amazonaws.HttpMethod
 @ line 9, column 1.
   import com.amazonaws.HttpMethod
   ^

/Users/admin/workSpace/local/docker_beta/pkroom/groovy/file/adapters/S3FileHandler.groovy: 19: unable to resolve class com.amazonaws.services.s3.transfer.TransferManagerBuilder
 @ line 19, column 1.
   import com.amazonaws.services.s3.transfer.TransferManagerBuilder;
   ^

/Users/admin/workSpace/local/docker_beta/pkroom/groovy/file/adapters/S3FileHandler.groovy: 61: unable to resolve class AwsClientBuilder.EndpointConfiguration 
 @ line 61, column 44.
      .withEndpointConfiguration(new AwsCli
                                 ^

/Users/admin/workSpace/local/docker_beta/pkroom/groovy/file/adapters/S3FileHandler.groovy: 68: unable to resolve class Bucket 
 @ line 68, column 14.
           List<Bucket> buckets = s3.listBuckets();
                ^

/Users/admin/workSpace/local/docker_beta/pkroom/groovy/file/adapters/S3FileHandler.groovy: 70: unable to resolve class Bucket 
 @ line 70, column 13.
               for(Bucket bucket : buckets) {
               ^

/Users/admin/workSpace/local/docker_beta/pkroom/groovy/file/adapters/S3FileHandler.groovy: 78: unable to resolve class CreateBucketRequest 
 @ line 78, column 33.
               CreateBucketRequest createBucketRequest = new CreateBucketRequest(bucketName, regionName);
                                   ^

/Users/admin/workSpace/local/docker_beta/pkroom/groovy/file/adapters/S3FileHandler.groovy: 78: unable to resolve class CreateBucketRequest 
 @ line 78, column 55.
   Request createBucketRequest = new Create
                                 ^

/Users/admin/workSpace/local/docker_beta/pkroom/groovy/file/adapters/S3FileHandler.groovy: 105: unable to resolve class ObjectListing 
 @ line 105, column 23.
           ObjectListing list = s3.listObjects(bucketName, realPath);
                         ^

/Users/admin/workSpace/local/docker_beta/pkroom/groovy/file/adapters/S3FileHandler.groovy: 109: unable to resolve class S3ObjectSummary 
 @ line 109, column 18.
               List<S3ObjectSummary> objects = list.getObjectSummaries();
                    ^

/Users/admin/workSpace/local/docker_beta/pkroom/groovy/file/adapters/S3FileHandler.groovy: 112: unable to resolve class S3ObjectSummary 
 @ line 112, column 17.
                   for(S3ObjectSummary obj : objects) {
                   ^

/Users/admin/workSpace/local/docker_beta/pkroom/groovy/file/adapters/S3FileHandler.groovy: 118: unable to resolve class DeleteObjectsResult 
 @ line 118, column 37.
                   DeleteObjectsResult deleteObjectsResult = s3.deleteObjects(new DeleteObjectsRequest(bucketName).withKeys(keyArray));
                                       ^

/Users/admin/workSpace/local/docker_beta/pkroom/groovy/file/adapters/S3FileHandler.groovy: 118: unable to resolve class DeleteObjectsRequest 
 @ line 118, column 76.
   ectsResult = s3.deleteObjects(new Delete
                                 ^

/Users/admin/workSpace/local/docker_beta/pkroom/groovy/file/adapters/S3FileHandler.groovy: 119: unable to resolve class DeleteObjectsResult.DeletedObject 
 @ line 119, column 22.
                   List<DeleteObjectsResult.DeletedObject> deletedObjs = deleteObjectsResult.getDeletedObjects();
                        ^

/Users/admin/workSpace/local/docker_beta/pkroom/groovy/file/adapters/S3FileHandler.groovy: 122: unable to resolve class DeleteObjectsResult.DeletedObject 
 @ line 122, column 25.
                           for(DeleteObjectsResult.DeletedObject del : deletedObjs) {
                           ^

/Users/admin/workSpace/local/docker_beta/pkroom/groovy/file/adapters/S3FileHandler.groovy: 145: unable to resolve class GetObjectMetadataRequest 
 @ line 145, column 34.
           GetObjectMetadataRequest request = new GetObjectMetadataRequest(bucketName, realPath);
                                    ^

/Users/admin/workSpace/local/docker_beta/pkroom/groovy/file/adapters/S3FileHandler.groovy: 145: unable to resolve class GetObjectMetadataRequest 
 @ line 145, column 44.
   jectMetadataRequest request = new GetObj
                                 ^

/Users/admin/workSpace/local/docker_beta/pkroom/groovy/file/adapters/S3FileHandler.groovy: 146: unable to resolve class ObjectMetadata 
 @ line 146, column 24.
           ObjectMetadata metadata =  s3.getObjectMetadata(request);
                          ^

/Users/admin/workSpace/local/docker_beta/pkroom/groovy/file/adapters/S3FileHandler.groovy: 159: unable to resolve class GetObjectMetadataRequest 
 @ line 159, column 34.
           GetObjectMetadataRequest request = new GetObjectMetadataRequest(bucketName, realPath);
                                    ^

/Users/admin/workSpace/local/docker_beta/pkroom/groovy/file/adapters/S3FileHandler.groovy: 159: unable to resolve class GetObjectMetadataRequest 
 @ line 159, column 44.
   jectMetadataRequest request = new GetObj
                                 ^

/Users/admin/workSpace/local/docker_beta/pkroom/groovy/file/adapters/S3FileHandler.groovy: 174: unable to resolve class ListObjectsRequest 
 @ line 174, column 28.
           ListObjectsRequest listObjectRequest = new ListObjectsRequest().
                              ^

/Users/admin/workSpace/local/docker_beta/pkroom/groovy/file/adapters/S3FileHandler.groovy: 174: unable to resolve class ListObjectsRequest 
 @ line 174, column 48.
   tsRequest listObjectRequest = new ListOb
                                 ^

/Users/admin/workSpace/local/docker_beta/pkroom/groovy/file/adapters/S3FileHandler.groovy: 219: unable to resolve class ObjectListing 
 @ line 219, column 23.
           ObjectListing list = s3.listObjects(listObjectRequest);
                         ^

/Users/admin/workSpace/local/docker_beta/pkroom/groovy/file/adapters/S3FileHandler.groovy: 223: unable to resolve class S3ObjectSummary 
 @ line 223, column 18.
               List<S3ObjectSummary> objects = list.getObjectSummaries();
                    ^

/Users/admin/workSpace/local/docker_beta/pkroom/groovy/file/adapters/S3FileHandler.groovy: 225: unable to resolve class S3ObjectSummary 
 @ line 225, column 17.
                   for(S3ObjectSummary obj : objects) {
                   ^

/Users/admin/workSpace/local/docker_beta/pkroom/groovy/file/adapters/S3FileHandler.groovy: 279: unable to resolve class CopyObjectRequest 
 @ line 279, column 27.
           CopyObjectRequest copyRequest = new CopyObjectRequest(bucketName, realSourcePath, bucketName, realDestPath);
                             ^

/Users/admin/workSpace/local/docker_beta/pkroom/groovy/file/adapters/S3FileHandler.groovy: 279: unable to resolve class CopyObjectRequest 
 @ line 279, column 41.
   pyObjectRequest copyRequest = new CopyOb
                                 ^

/Users/admin/workSpace/local/docker_beta/pkroom/groovy/file/adapters/S3FileHandler.groovy: 280: unable to resolve class CopyObjectResult 
 @ line 280, column 26.
           CopyObjectResult result = s3.copyObject(copyRequest);
                            ^

/Users/admin/workSpace/local/docker_beta/pkroom/groovy/file/adapters/S3FileHandler.groovy: 284: unable to resolve class DeleteObjectRequest 
 @ line 284, column 29.
           DeleteObjectRequest deleteRequest = new DeleteObjectRequest(bucketName, realSourcePath);
                               ^

/Users/admin/workSpace/local/docker_beta/pkroom/groovy/file/adapters/S3FileHandler.groovy: 284: unable to resolve class DeleteObjectRequest 
 @ line 284, column 45.
   ObjectRequest deleteRequest = new Delete
                                 ^

/Users/admin/workSpace/local/docker_beta/pkroom/groovy/file/adapters/S3FileHandler.groovy: 292: unable to resolve class S3Object 
 @ line 292, column 18.
           S3Object so;
                    ^

/Users/admin/workSpace/local/docker_beta/pkroom/groovy/file/adapters/S3FileHandler.groovy: 308: unable to resolve class S3Object 
 @ line 308, column 18.
           S3Object so;
                    ^

/Users/admin/workSpace/local/docker_beta/pkroom/groovy/file/adapters/S3FileHandler.groovy: 400: unable to resolve class ObjectMetadata 
 @ line 400, column 24.
           ObjectMetadata metadata = new ObjectMetadata();
                          ^

/Users/admin/workSpace/local/docker_beta/pkroom/groovy/file/adapters/S3FileHandler.groovy: 400: unable to resolve class ObjectMetadata 
 @ line 400, column 35.
           ObjectMetadata metadata = new ObjectMetadata();
                                     ^

/Users/admin/workSpace/local/docker_beta/pkroom/groovy/file/adapters/S3FileHandler.groovy: 481: unable to resolve class GetObjectMetadataRequest 
 @ line 481, column 38.
               GetObjectMetadataRequest request = new GetObjectMetadataRequest(bucketName, realPath);
                                        ^

/Users/admin/workSpace/local/docker_beta/pkroom/groovy/file/adapters/S3FileHandler.groovy: 481: unable to resolve class GetObjectMetadataRequest 
 @ line 481, column 48.
   jectMetadataRequest request = new GetObj
                                 ^

/Users/admin/workSpace/local/docker_beta/pkroom/groovy/file/adapters/S3FileHandler.groovy: 482: unable to resolve class ObjectMetadata 
 @ line 482, column 28.
               ObjectMetadata metadata =  s3.getObjectMetadata(request);
                              ^

/Users/admin/workSpace/local/docker_beta/pkroom/groovy/file/adapters/S3FileHandler.groovy: 489: unable to resolve class AmazonS3Exception 
 @ line 489, column 11.
           } catch(AmazonS3Exception e) {
             ^

/Users/admin/workSpace/local/docker_beta/pkroom/groovy/file/adapters/S3FileHandler.groovy: 592: unable to resolve class GeneratePresignedUrlRequest 
 @ line 592, column 41.
     GeneratePresignedUrlRequest generatePr
                                 ^

/Users/admin/workSpace/local/docker_beta/pkroom/groovy/file/adapters/S3FileHandler.groovy: 593: unable to resolve class GeneratePresignedUrlRequest 
 @ line 593, column 21.
                       new GeneratePresignedUrlRequest(bucketName, objectKey);
                       ^

/Users/admin/workSpace/local/docker_beta/pkroom/groovy/file/adapters/S3FileHandler.groovy: 596: unable to resolve class ResponseHeaderOverrides 
 @ line 596, column 37.
               ResponseHeaderOverrides responseHeaders = new ResponseHeaderOverrides();
                                       ^

/Users/admin/workSpace/local/docker_beta/pkroom/groovy/file/adapters/S3FileHandler.groovy: 596: unable to resolve class ResponseHeaderOverrides 
 @ line 596, column 55.
   erOverrides responseHeaders = new Respon
                                 ^

53 errors
 redeploy aborted!!!
6176113 [Timer-0] INFO   - [2017-10-18 00:08:25 0583|GroovyRuntime] newClassLoader MyGroovyClassLoader#0 is closed
6176113 [Timer-0] ERROR  - [2017-10-18 00:08:25 0583|ScriptManager] Reload script zip file /docker_beta/pkroom/groovy.zip failed, Parse class ../local/docker_beta/pkroom/groovy/file/adapters/S3FileHandler.groovy failed, startup failed:
/Users/admin/workSpace/local/docker_beta/pkroom/groovy/file/adapters/S3FileHandler.groovy: 14: unable to resolve class com.amazonaws.services.s3.AmazonS3
 @ line 14, column 1.
   import com.amazonaws.services.s3.AmazonS3;
   ^

/Users/admin/workSpace/local/docker_beta/pkroom/groovy/file/adapters/S3FileHandler.groovy: 18: unable to resolve class com.amazonaws.services.s3.transfer.TransferManager
 @ line 18, column 1.
   import com.amazonaws.services.s3.transfer.TransferManager
   ^

/Users/admin/workSpace/local/docker_beta/pkroom/groovy/file/adapters/S3FileHandler.groovy: 16: unable to resolve class com.amazonaws.services.s3.AmazonS3ClientBuilder
 @ line 16, column 1.
   import com.amazonaws.services.s3.AmazonS3ClientBuilder;
   ^

/Users/admin/workSpace/local/docker_beta/pkroom/groovy/file/adapters/S3FileHandler.groovy: 6: unable to resolve class com.amazonaws.AmazonClientException
 @ line 6, column 1.
   import com.amazonaws.AmazonClientException;
   ^

/Users/admin/workSpace/local/docker_beta/pkroom/groovy/file/adapters/S3FileHandler.groovy: 20: unable to resolve class com.amazonaws.services.s3.transfer.Upload
 @ line 20, column 1.
   import com.amazonaws.services.s3.transfer.Upload
   ^

/Users/admin/workSpace/local/docker_beta/pkroom/groovy/file/adapters/S3FileHandler.groovy: 13: unable to resolve class com.amazonaws.client.builder.AwsClientBuilder
 @ line 13, column 1.
   import com.amazonaws.client.builder.AwsClientBuilder;
   ^

/Users/admin/workSpace/local/docker_beta/pkroom/groovy/file/adapters/S3FileHandler.groovy: 12: unable to resolve class com.amazonaws.auth.BasicAWSCredentials
 @ line 12, column 1.
   import com.amazonaws.auth.BasicAWSCredentials
   ^

/Users/admin/workSpace/local/docker_beta/pkroom/groovy/file/adapters/S3FileHandler.groovy: 11: unable to resolve class com.amazonaws.auth.AWSStaticCredentialsProvider
 @ line 11, column 1.
   import com.amazonaws.auth.AWSStaticCredentialsProvider;
   ^

/Users/admin/workSpace/local/docker_beta/pkroom/groovy/file/adapters/S3FileHandler.groovy: 15: unable to resolve class com.amazonaws.services.s3.AmazonS3Client
 @ line 15, column 1.
   import com.amazonaws.services.s3.AmazonS3Client
   ^

/Users/admin/workSpace/local/docker_beta/pkroom/groovy/file/adapters/S3FileHandler.groovy: 7: unable to resolve class com.amazonaws.AmazonServiceException
 @ line 7, column 1.
   import com.amazonaws.AmazonServiceException
   ^

/Users/admin/workSpace/local/docker_beta/pkroom/groovy/file/adapters/S3FileHandler.groovy: 10: unable to resolve class com.amazonaws.Protocol
 @ line 10, column 1.
   import com.amazonaws.Protocol
   ^

/Users/admin/workSpace/local/docker_beta/pkroom/groovy/file/adapters/S3FileHandler.groovy: 8: unable to resolve class com.amazonaws.ClientConfiguration
 @ line 8, column 1.
   import com.amazonaws.ClientConfiguration;
   ^

/Users/admin/workSpace/local/docker_beta/pkroom/groovy/file/adapters/S3FileHandler.groovy: 9: unable to resolve class com.amazonaws.HttpMethod
 @ line 9, column 1.
   import com.amazonaws.HttpMethod
   ^

/Users/admin/workSpace/local/docker_beta/pkroom/groovy/file/adapters/S3FileHandler.groovy: 19: unable to resolve class com.amazonaws.services.s3.transfer.TransferManagerBuilder
 @ line 19, column 1.
   import com.amazonaws.services.s3.transfer.TransferManagerBuilder;
   ^

/Users/admin/workSpace/local/docker_beta/pkroom/groovy/file/adapters/S3FileHandler.groovy: 61: unable to resolve class AwsClientBuilder.EndpointConfiguration 
 @ line 61, column 44.
      .withEndpointConfiguration(new AwsCli
                                 ^

/Users/admin/workSpace/local/docker_beta/pkroom/groovy/file/adapters/S3FileHandler.groovy: 68: unable to resolve class Bucket 
 @ line 68, column 14.
           List<Bucket> buckets = s3.listBuckets();
                ^

/Users/admin/workSpace/local/docker_beta/pkroom/groovy/file/adapters/S3FileHandler.groovy: 70: unable to resolve class Bucket 
 @ line 70, column 13.
               for(Bucket bucket : buckets) {
               ^

/Users/admin/workSpace/local/docker_beta/pkroom/groovy/file/adapters/S3FileHandler.groovy: 78: unable to resolve class CreateBucketRequest 
 @ line 78, column 33.
               CreateBucketRequest createBucketRequest = new CreateBucketRequest(bucketName, regionName);
                                   ^

/Users/admin/workSpace/local/docker_beta/pkroom/groovy/file/adapters/S3FileHandler.groovy: 78: unable to resolve class CreateBucketRequest 
 @ line 78, column 55.
   Request createBucketRequest = new Create
                                 ^

/Users/admin/workSpace/local/docker_beta/pkroom/groovy/file/adapters/S3FileHandler.groovy: 105: unable to resolve class ObjectListing 
 @ line 105, column 23.
           ObjectListing list = s3.listObjects(bucketName, realPath);
                         ^

/Users/admin/workSpace/local/docker_beta/pkroom/groovy/file/adapters/S3FileHandler.groovy: 109: unable to resolve class S3ObjectSummary 
 @ line 109, column 18.
               List<S3ObjectSummary> objects = list.getObjectSummaries();
                    ^

/Users/admin/workSpace/local/docker_beta/pkroom/groovy/file/adapters/S3FileHandler.groovy: 112: unable to resolve class S3ObjectSummary 
 @ line 112, column 17.
                   for(S3ObjectSummary obj : objects) {
                   ^

/Users/admin/workSpace/local/docker_beta/pkroom/groovy/file/adapters/S3FileHandler.groovy: 118: unable to resolve class DeleteObjectsResult 
 @ line 118, column 37.
                   DeleteObjectsResult deleteObjectsResult = s3.deleteObjects(new DeleteObjectsRequest(bucketName).withKeys(keyArray));
                                       ^

/Users/admin/workSpace/local/docker_beta/pkroom/groovy/file/adapters/S3FileHandler.groovy: 118: unable to resolve class DeleteObjectsRequest 
 @ line 118, column 76.
   ectsResult = s3.deleteObjects(new Delete
                                 ^

/Users/admin/workSpace/local/docker_beta/pkroom/groovy/file/adapters/S3FileHandler.groovy: 119: unable to resolve class DeleteObjectsResult.DeletedObject 
 @ line 119, column 22.
                   List<DeleteObjectsResult.DeletedObject> deletedObjs = deleteObjectsResult.getDeletedObjects();
                        ^

/Users/admin/workSpace/local/docker_beta/pkroom/groovy/file/adapters/S3FileHandler.groovy: 122: unable to resolve class DeleteObjectsResult.DeletedObject 
 @ line 122, column 25.
                           for(DeleteObjectsResult.DeletedObject del : deletedObjs) {
                           ^

/Users/admin/workSpace/local/docker_beta/pkroom/groovy/file/adapters/S3FileHandler.groovy: 145: unable to resolve class GetObjectMetadataRequest 
 @ line 145, column 34.
           GetObjectMetadataRequest request = new GetObjectMetadataRequest(bucketName, realPath);
                                    ^

/Users/admin/workSpace/local/docker_beta/pkroom/groovy/file/adapters/S3FileHandler.groovy: 145: unable to resolve class GetObjectMetadataRequest 
 @ line 145, column 44.
   jectMetadataRequest request = new GetObj
                                 ^

/Users/admin/workSpace/local/docker_beta/pkroom/groovy/file/adapters/S3FileHandler.groovy: 146: unable to resolve class ObjectMetadata 
 @ line 146, column 24.
           ObjectMetadata metadata =  s3.getObjectMetadata(request);
                          ^

/Users/admin/workSpace/local/docker_beta/pkroom/groovy/file/adapters/S3FileHandler.groovy: 159: unable to resolve class GetObjectMetadataRequest 
 @ line 159, column 34.
           GetObjectMetadataRequest request = new GetObjectMetadataRequest(bucketName, realPath);
                                    ^

/Users/admin/workSpace/local/docker_beta/pkroom/groovy/file/adapters/S3FileHandler.groovy: 159: unable to resolve class GetObjectMetadataRequest 
 @ line 159, column 44.
   jectMetadataRequest request = new GetObj
                                 ^

/Users/admin/workSpace/local/docker_beta/pkroom/groovy/file/adapters/S3FileHandler.groovy: 174: unable to resolve class ListObjectsRequest 
 @ line 174, column 28.
           ListObjectsRequest listObjectRequest = new ListObjectsRequest().
                              ^

/Users/admin/workSpace/local/docker_beta/pkroom/groovy/file/adapters/S3FileHandler.groovy: 174: unable to resolve class ListObjectsRequest 
 @ line 174, column 48.
   tsRequest listObjectRequest = new ListOb
                                 ^

/Users/admin/workSpace/local/docker_beta/pkroom/groovy/file/adapters/S3FileHandler.groovy: 219: unable to resolve class ObjectListing 
 @ line 219, column 23.
           ObjectListing list = s3.listObjects(listObjectRequest);
                         ^

/Users/admin/workSpace/local/docker_beta/pkroom/groovy/file/adapters/S3FileHandler.groovy: 223: unable to resolve class S3ObjectSummary 
 @ line 223, column 18.
               List<S3ObjectSummary> objects = list.getObjectSummaries();
                    ^

/Users/admin/workSpace/local/docker_beta/pkroom/groovy/file/adapters/S3FileHandler.groovy: 225: unable to resolve class S3ObjectSummary 
 @ line 225, column 17.
                   for(S3ObjectSummary obj : objects) {
                   ^

/Users/admin/workSpace/local/docker_beta/pkroom/groovy/file/adapters/S3FileHandler.groovy: 279: unable to resolve class CopyObjectRequest 
 @ line 279, column 27.
           CopyObjectRequest copyRequest = new CopyObjectRequest(bucketName, realSourcePath, bucketName, realDestPath);
                             ^

/Users/admin/workSpace/local/docker_beta/pkroom/groovy/file/adapters/S3FileHandler.groovy: 279: unable to resolve class CopyObjectRequest 
 @ line 279, column 41.
   pyObjectRequest copyRequest = new CopyOb
                                 ^

/Users/admin/workSpace/local/docker_beta/pkroom/groovy/file/adapters/S3FileHandler.groovy: 280: unable to resolve class CopyObjectResult 
 @ line 280, column 26.
           CopyObjectResult result = s3.copyObject(copyRequest);
                            ^

/Users/admin/workSpace/local/docker_beta/pkroom/groovy/file/adapters/S3FileHandler.groovy: 284: unable to resolve class DeleteObjectRequest 
 @ line 284, column 29.
           DeleteObjectRequest deleteRequest = new DeleteObjectRequest(bucketName, realSourcePath);
                               ^

/Users/admin/workSpace/local/docker_beta/pkroom/groovy/file/adapters/S3FileHandler.groovy: 284: unable to resolve class DeleteObjectRequest 
 @ line 284, column 45.
   ObjectRequest deleteRequest = new Delete
                                 ^

/Users/admin/workSpace/local/docker_beta/pkroom/groovy/file/adapters/S3FileHandler.groovy: 292: unable to resolve class S3Object 
 @ line 292, column 18.
           S3Object so;
                    ^

/Users/admin/workSpace/local/docker_beta/pkroom/groovy/file/adapters/S3FileHandler.groovy: 308: unable to resolve class S3Object 
 @ line 308, column 18.
           S3Object so;
                    ^

/Users/admin/workSpace/local/docker_beta/pkroom/groovy/file/adapters/S3FileHandler.groovy: 400: unable to resolve class ObjectMetadata 
 @ line 400, column 24.
           ObjectMetadata metadata = new ObjectMetadata();
                          ^

/Users/admin/workSpace/local/docker_beta/pkroom/groovy/file/adapters/S3FileHandler.groovy: 400: unable to resolve class ObjectMetadata 
 @ line 400, column 35.
           ObjectMetadata metadata = new ObjectMetadata();
                                     ^

/Users/admin/workSpace/local/docker_beta/pkroom/groovy/file/adapters/S3FileHandler.groovy: 481: unable to resolve class GetObjectMetadataRequest 
 @ line 481, column 38.
               GetObjectMetadataRequest request = new GetObjectMetadataRequest(bucketName, realPath);
                                        ^

/Users/admin/workSpace/local/docker_beta/pkroom/groovy/file/adapters/S3FileHandler.groovy: 481: unable to resolve class GetObjectMetadataRequest 
 @ line 481, column 48.
   jectMetadataRequest request = new GetObj
                                 ^

/Users/admin/workSpace/local/docker_beta/pkroom/groovy/file/adapters/S3FileHandler.groovy: 482: unable to resolve class ObjectMetadata 
 @ line 482, column 28.
               ObjectMetadata metadata =  s3.getObjectMetadata(request);
                              ^

/Users/admin/workSpace/local/docker_beta/pkroom/groovy/file/adapters/S3FileHandler.groovy: 489: unable to resolve class AmazonS3Exception 
 @ line 489, column 11.
           } catch(AmazonS3Exception e) {
             ^

/Users/admin/workSpace/local/docker_beta/pkroom/groovy/file/adapters/S3FileHandler.groovy: 592: unable to resolve class GeneratePresignedUrlRequest 
 @ line 592, column 41.
     GeneratePresignedUrlRequest generatePr
                                 ^

/Users/admin/workSpace/local/docker_beta/pkroom/groovy/file/adapters/S3FileHandler.groovy: 593: unable to resolve class GeneratePresignedUrlRequest 
 @ line 593, column 21.
                       new GeneratePresignedUrlRequest(bucketName, objectKey);
                       ^

/Users/admin/workSpace/local/docker_beta/pkroom/groovy/file/adapters/S3FileHandler.groovy: 596: unable to resolve class ResponseHeaderOverrides 
 @ line 596, column 37.
               ResponseHeaderOverrides responseHeaders = new ResponseHeaderOverrides();
                                       ^

/Users/admin/workSpace/local/docker_beta/pkroom/groovy/file/adapters/S3FileHandler.groovy: 596: unable to resolve class ResponseHeaderOverrides 
 @ line 596, column 55.
   erOverrides responseHeaders = new Respon
                                 ^

53 errors

6261107 [qtp1292040526-16] INFO   - [2017-10-18 00:09:50 0577|GroovyServletManager] uriStrs [rest, pkuser, package, versioninfo] matchStr pkuser
6261133 [qtp1292040526-16] INFO   - [2017-10-18 00:09:50 0603|SCAN] Mapping crc 1949054900 for class service.stub.PackageInfoService method getPackageInfo for service admin
6261133 [qtp1292040526-16] INFO   - [2017-10-18 00:09:50 0603|SCAN] Mapping crc 785378763 for class service.stub.PackageInfoService method getAllPackageInfo for service admin
6261133 [qtp1292040526-16] INFO   - [2017-10-18 00:09:50 0603|SCAN] Mapping crc 4230270143 for class service.stub.PackageInfoService method updatePackageInfo for service admin
6261133 [qtp1292040526-16] INFO   - [2017-10-18 00:09:50 0603|SCAN] Mapping crc 314373218 for class service.stub.PackageInfoService method deleteWhite for service admin
6261133 [qtp1292040526-16] INFO   - [2017-10-18 00:09:50 0603|SCAN] Mapping crc 12907357 for class service.stub.PackageInfoService method addWhiteList for service admin
6261133 [qtp1292040526-16] INFO   - [2017-10-18 00:09:50 0603|SCAN] Mapping crc 2755835498 for class service.stub.PackageInfoService method deletePackageInfo for service admin
6261133 [qtp1292040526-16] INFO   - [2017-10-18 00:09:50 0603|SCAN] Mapping crc 1990627146 for class service.stub.PackageInfoService method addVersionInfo for service admin
6261133 [qtp1292040526-16] INFO   - [2017-10-18 00:09:50 0603|SCAN] Mapping crc 1817331249 for class service.stub.PackageInfoService method editWhiteList for service admin
6261133 [qtp1292040526-16] INFO   - [2017-10-18 00:09:50 0603|SCAN] Mapping crc 82149492 for class service.stub.PackageInfoService method editVersionInfo for service admin
6261133 [qtp1292040526-16] INFO   - [2017-10-18 00:09:50 0603|SCAN] Mapping crc 3718765860 for class service.stub.PackageInfoService method addPackageInfo for service admin
6261133 [qtp1292040526-16] INFO   - [2017-10-18 00:09:50 0603|SCAN] Mapping crc 256107524 for class service.stub.PackageInfoService method deleteVersionInfo for service admin
6261146 [qtp1292040526-17] INFO   - [2017-10-18 00:09:50 0616|GroovyServletManager] uriStrs [rest, discovery, service, admin] matchStr discovery
6261148 [qtp1292040526-16] INFO   - [2017-10-18 00:09:50 0618|RemoteServiceDiscovery] New server com.docker.rpc.remote.stub.RemoteServiceDiscovery$Server@771064de is online 
6261172 [qtp1292040526-16] INFO   - [2017-10-18 00:09:50 0642|RMI] RMI 192.168.199.121 port 5600 server l0e8fn client connected!
6261173 [Thread-43] INFO   - [2017-10-18 00:09:50 0642|RMI] Start monitoring RMI client connection
6261183 [RMI TCP Connection(29)-192.168.199.121] INFO   - [2017-10-18 00:09:50 0653|RPCServerMethodInvocation] Successfully call Method getPackageInfo#PackageInfoService crc 1949054900#admin args [ninespiriteios] return data.PackageInfo@5475fae7 exception null
6261203 [qtp1292040526-16] INFO   - [2017-10-18 00:09:50 0673|RemoteServiceDiscovery] Successfully call Method 1949054900#admin args [ninespiriteios] return service.stub.data.PackageInfo@6d313ada exception null on server com.docker.rpc.remote.stub.RemoteServiceDiscovery$Server@771064de 1/1
6270655 [qtp1292040526-18] INFO   - [2017-10-18 00:10:00 0125|GroovyServletManager] uriStrs [rest, pkuser, user, wx, login] matchStr pkuser
6271159 [qtp1292040526-18] INFO   - [2017-10-18 00:10:00 0629|loginByWechat] session data.Session@7d1605f4 result OK
6271162 [qtp1292040526-18] INFO   - [2017-10-18 00:10:00 0632|RMI] RMI 192.168.199.121 port 5600 server l0e8fn client connected!
6271163 [Thread-44] INFO   - [2017-10-18 00:10:00 0633|RMI] Start monitoring RMI client connection
6271173 [RMI TCP Connection(29)-192.168.199.121] INFO   - [2017-10-18 00:10:00 0643|RPCServerMethodInvocation] Successfully call Method getPlayerWallet#WalletService crc 2971475903#pkwallet args [59e6240c2c1f602782a655f6] return 3 exception null
6271174 [qtp1292040526-18] INFO   - [2017-10-18 00:10:00 0644|RemoteServiceDiscovery] Successfully call Method 2971475903#pkwallet args [59e6240c2c1f602782a655f6] return 3 exception null on server com.docker.rpc.remote.stub.RemoteServiceDiscovery$Server@12b62ba 1/1
6271447 [qtp1292040526-20] INFO   - [2017-10-18 00:10:00 0917|GroovyServletManager] uriStrs [rest, pkroom, running, room] matchStr pkroom
6271447 [qtp1292040526-20] ERROR  - [2017-10-18 00:10:00 0917|GroovyServletManager] No default groovyServletManager for parseUri /rest/pkroom/running/room method GET
6291156 [qtp1292040526-16] INFO   - [2017-10-18 00:10:20 0626|GroovyServletManager] uriStrs [rest, discovery, service, admin] matchStr discovery
6321165 [qtp1292040526-16] INFO   - [2017-10-18 00:10:50 0635|GroovyServletManager] uriStrs [rest, discovery, service, admin] matchStr discovery
6351174 [qtp1292040526-17] INFO   - [2017-10-18 00:11:20 0644|GroovyServletManager] uriStrs [rest, discovery, service, admin] matchStr discovery
6381186 [qtp1292040526-19] INFO   - [2017-10-18 00:11:50 0656|GroovyServletManager] uriStrs [rest, discovery, service, admin] matchStr discovery
6411194 [qtp1292040526-18] INFO   - [2017-10-18 00:12:20 0664|GroovyServletManager] uriStrs [rest, discovery, service, admin] matchStr discovery
6441205 [qtp1292040526-13] INFO   - [2017-10-18 00:12:50 0675|GroovyServletManager] uriStrs [rest, discovery, service, admin] matchStr discovery
6471216 [qtp1292040526-14] INFO   - [2017-10-18 00:13:20 0686|GroovyServletManager] uriStrs [rest, discovery, service, admin] matchStr discovery
6474806 [qtp1292040526-13] INFO   - [2017-10-18 00:13:24 0276|GroovyServletManager] uriStrs [rest, pkuser, package, versioninfo] matchStr pkuser
6474809 [RMI TCP Connection(29)-192.168.199.121] INFO   - [2017-10-18 00:13:24 0279|RPCServerMethodInvocation] Successfully call Method getPackageInfo#PackageInfoService crc 1949054900#admin args [ninespiriteios] return data.PackageInfo@63e8728a exception null
6474810 [qtp1292040526-13] INFO   - [2017-10-18 00:13:24 0280|RemoteServiceDiscovery] Successfully call Method 1949054900#admin args [ninespiriteios] return service.stub.data.PackageInfo@4e547d7f exception null on server com.docker.rpc.remote.stub.RemoteServiceDiscovery$Server@771064de 1/1
6483602 [qtp1292040526-20] INFO   - [2017-10-18 00:13:33 0072|GroovyServletManager] uriStrs [rest, pkuser, user, wx, login] matchStr pkuser
6483999 [qtp1292040526-20] INFO   - [2017-10-18 00:13:33 0469|loginByWechat] session data.Session@7b343485 result OK
6484001 [RMI TCP Connection(29)-192.168.199.121] INFO   - [2017-10-18 00:13:33 0471|RPCServerMethodInvocation] Successfully call Method getPlayerWallet#WalletService crc 2971475903#pkwallet args [59e6240c2c1f602782a655f6] return 3 exception null
6484001 [qtp1292040526-20] INFO   - [2017-10-18 00:13:33 0471|RemoteServiceDiscovery] Successfully call Method 2971475903#pkwallet args [59e6240c2c1f602782a655f6] return 3 exception null on server com.docker.rpc.remote.stub.RemoteServiceDiscovery$Server@12b62ba 1/1
6501226 [qtp1292040526-18] INFO   - [2017-10-18 00:13:50 0696|GroovyServletManager] uriStrs [rest, discovery, service, admin] matchStr discovery
6531234 [qtp1292040526-18] INFO   - [2017-10-18 00:14:20 0704|GroovyServletManager] uriStrs [rest, discovery, service, admin] matchStr discovery
6561245 [qtp1292040526-17] INFO   - [2017-10-18 00:14:50 0715|GroovyServletManager] uriStrs [rest, discovery, service, admin] matchStr discovery
6591253 [qtp1292040526-14] INFO   - [2017-10-18 00:15:20 0723|GroovyServletManager] uriStrs [rest, discovery, service, admin] matchStr discovery
6621266 [qtp1292040526-20] INFO   - [2017-10-18 00:15:50 0736|GroovyServletManager] uriStrs [rest, discovery, service, admin] matchStr discovery
6651282 [qtp1292040526-19] INFO   - [2017-10-18 00:16:20 0752|GroovyServletManager] uriStrs [rest, discovery, service, admin] matchStr discovery
6681290 [qtp1292040526-17] INFO   - [2017-10-18 00:16:50 0760|GroovyServletManager] uriStrs [rest, discovery, service, admin] matchStr discovery
6711301 [qtp1292040526-16] INFO   - [2017-10-18 00:17:20 0771|GroovyServletManager] uriStrs [rest, discovery, service, admin] matchStr discovery
6741312 [qtp1292040526-20] INFO   - [2017-10-18 00:17:50 0782|GroovyServletManager] uriStrs [rest, discovery, service, admin] matchStr discovery
6742791 [qtp1292040526-17] INFO   - [2017-10-18 00:17:52 0261|GroovyServletManager] uriStrs [rest, pkuser, package, versioninfo] matchStr pkuser
6742796 [RMI TCP Connection(31)-192.168.199.121] INFO   - [2017-10-18 00:17:52 0266|RPCServerMethodInvocation] Successfully call Method getPackageInfo#PackageInfoService crc 1949054900#admin args [ninespiriteios] return data.PackageInfo@7755c066 exception null
6742798 [qtp1292040526-17] INFO   - [2017-10-18 00:17:52 0268|RemoteServiceDiscovery] Successfully call Method 1949054900#admin args [ninespiriteios] return service.stub.data.PackageInfo@4ed007cb exception null on server com.docker.rpc.remote.stub.RemoteServiceDiscovery$Server@771064de 1/1
6747861 [qtp1292040526-14] INFO   - [2017-10-18 00:17:57 0331|GroovyServletManager] uriStrs [rest, pkuser, user, wx, login] matchStr pkuser
6748382 [qtp1292040526-14] INFO   - [2017-10-18 00:17:57 0852|loginByWechat] session data.Session@87e7166 result OK
6748384 [RMI TCP Connection(31)-192.168.199.121] INFO   - [2017-10-18 00:17:57 0854|RPCServerMethodInvocation] Successfully call Method getPlayerWallet#WalletService crc 2971475903#pkwallet args [59e6240c2c1f602782a655f6] return 3 exception null
6748384 [qtp1292040526-14] INFO   - [2017-10-18 00:17:57 0854|RemoteServiceDiscovery] Successfully call Method 2971475903#pkwallet args [59e6240c2c1f602782a655f6] return 3 exception null on server com.docker.rpc.remote.stub.RemoteServiceDiscovery$Server@12b62ba 1/1
6748859 [qtp1292040526-20] INFO   - [2017-10-18 00:17:58 0329|GroovyServletManager] uriStrs [rest, pkroom, running, room] matchStr pkroom
6748860 [qtp1292040526-20] ERROR  - [2017-10-18 00:17:58 0330|GroovyServletManager] No default groovyServletManager for parseUri /rest/pkroom/running/room method GET
6771324 [qtp1292040526-20] INFO   - [2017-10-18 00:18:20 0794|GroovyServletManager] uriStrs [rest, discovery, service, admin] matchStr discovery
6779922 [qtp1292040526-13] INFO   - [2017-10-18 00:18:29 0392|GroovyServletManager] uriStrs [rest, pkuser, package, versioninfo] matchStr pkuser
6779925 [RMI TCP Connection(30)-192.168.199.121] INFO   - [2017-10-18 00:18:29 0395|RPCServerMethodInvocation] Successfully call Method getPackageInfo#PackageInfoService crc 1949054900#admin args [ninespiriteios] return data.PackageInfo@93c6376 exception null
6779926 [qtp1292040526-13] INFO   - [2017-10-18 00:18:29 0396|RemoteServiceDiscovery] Successfully call Method 1949054900#admin args [ninespiriteios] return service.stub.data.PackageInfo@5cac6c3 exception null on server com.docker.rpc.remote.stub.RemoteServiceDiscovery$Server@771064de 1/1
6780254 [qtp1292040526-19] INFO   - [2017-10-18 00:18:29 0724|GroovyServletManager] uriStrs [rest, pkuser, user, wx, login, auto] matchStr pkuser
6802083 [qtp1292040526-16] INFO   - [2017-10-18 00:18:51 0553|GroovyServletManager] uriStrs [rest, discovery, service, admin] matchStr discovery
6807143 [RMI TCP Connection(30)-192.168.199.121] INFO   - [2017-10-18 00:18:56 0613|RPCServerMethodInvocation] Successfully call Method getPlayerWallet#WalletService crc 2971475903#pkwallet args [59e6240c2c1f602782a655f6] return 3 exception null
6807145 [qtp1292040526-19] INFO   - [2017-10-18 00:18:56 0615|RemoteServiceDiscovery] Successfully call Method 2971475903#pkwallet args [59e6240c2c1f602782a655f6] return 3 exception null on server com.docker.rpc.remote.stub.RemoteServiceDiscovery$Server@12b62ba 1/1
6832099 [qtp1292040526-16] INFO   - [2017-10-18 00:19:21 0569|GroovyServletManager] uriStrs [rest, discovery, service, admin] matchStr discovery
6839876 [qtp1292040526-20] INFO   - [2017-10-18 00:19:29 0346|GroovyServletManager] uriStrs [rest, pkuser, package, versioninfo] matchStr pkuser
6839879 [RMI TCP Connection(31)-192.168.199.121] INFO   - [2017-10-18 00:19:29 0349|RPCServerMethodInvocation] Successfully call Method getPackageInfo#PackageInfoService crc 1949054900#admin args [ninespiriteios] return data.PackageInfo@1c79b4ca exception null
6839881 [qtp1292040526-20] INFO   - [2017-10-18 00:19:29 0351|RemoteServiceDiscovery] Successfully call Method 1949054900#admin args [ninespiriteios] return service.stub.data.PackageInfo@7fe70fc5 exception null on server com.docker.rpc.remote.stub.RemoteServiceDiscovery$Server@771064de 1/1
6840276 [qtp1292040526-13] INFO   - [2017-10-18 00:19:29 0746|GroovyServletManager] uriStrs [rest, pkuser, user, wx, login, auto] matchStr pkuser
6840280 [RMI TCP Connection(31)-192.168.199.121] INFO   - [2017-10-18 00:19:29 0750|RPCServerMethodInvocation] Successfully call Method getPlayerWallet#WalletService crc 2971475903#pkwallet args [59e6240c2c1f602782a655f6] return 3 exception null
6840281 [qtp1292040526-13] INFO   - [2017-10-18 00:19:29 0751|RemoteServiceDiscovery] Successfully call Method 2971475903#pkwallet args [59e6240c2c1f602782a655f6] return 3 exception null on server com.docker.rpc.remote.stub.RemoteServiceDiscovery$Server@12b62ba 1/1
6840330 [qtp1292040526-17] INFO   - [2017-10-18 00:19:29 0800|GroovyServletManager] uriStrs [rest, pkroom, running, room] matchStr pkroom
6840330 [qtp1292040526-17] ERROR  - [2017-10-18 00:19:29 0800|GroovyServletManager] No default groovyServletManager for parseUri /rest/pkroom/running/room method GET
6862110 [qtp1292040526-17] INFO   - [2017-10-18 00:19:51 0580|GroovyServletManager] uriStrs [rest, discovery, service, admin] matchStr discovery
6892120 [qtp1292040526-20] INFO   - [2017-10-18 00:20:21 0590|GroovyServletManager] uriStrs [rest, discovery, service, admin] matchStr discovery
6922127 [qtp1292040526-16] INFO   - [2017-10-18 00:20:51 0596|GroovyServletManager] uriStrs [rest, discovery, service, admin] matchStr discovery
6952173 [qtp1292040526-18] INFO   - [2017-10-18 00:21:21 0641|GroovyServletManager] uriStrs [rest, discovery, service, admin] matchStr discovery
7521122 [Thread-43] INFO   - [2017-10-18 00:30:50 0592|RMI] RMI 192.168.199.121 port 5600 server l0e8fn is destroyed, NoSuchObject Proxy[RMIServer,RemoteObjectInvocationHandler[UnicastRef [liveRef: [endpoint:[192.168.199.121:5601](remote),objID:[5a514eb6:15f2ab9b8df:-7fff, 6856081987463937038]]]]] error object not exported
7521122 [Thread-44] INFO   - [2017-10-18 00:30:50 0592|RMI] RMI 192.168.199.121 port 5600 server l0e8fn is destroyed, NoSuchObject Proxy[RMIServer,RemoteObjectInvocationHandler[UnicastRef [liveRef: [endpoint:[192.168.199.121:5601](remote),objID:[5a514eb6:15f2ab9b8df:-7fff, 6856081987463937038]]]]] error object not exported
7521123 [Thread-43] INFO   - [2017-10-18 00:30:50 0593|RMI] RMI 192.168.199.121 port 5600 server l0e8fn monitor stopped...
7521124 [Thread-44] INFO   - [2017-10-18 00:30:50 0594|RMI] RMI 192.168.199.121 port 5600 server l0e8fn monitor stopped...
7536359 [qtp1292040526-18] INFO   - [2017-10-18 00:31:05 0829|GroovyServletManager] uriStrs [rest, discovery, service, admin] matchStr discovery
8119837 [qtp1292040526-19] INFO   - [2017-10-18 00:40:49 0307|GroovyServletManager] uriStrs [rest, discovery, service, admin] matchStr discovery
8119839 [Thread-42] INFO   - [2017-10-18 00:40:49 0309|RemoteServiceDiscovery] RemoteServiceDiscovery is shutting down
8119839 [Thread-42] INFO   - [2017-10-18 00:40:49 0309|RemoteServiceDiscovery] RemoteServiceDiscovery admin is shutted down
